0 info it worked if it ends with ok
1 verbose cli [ '/usr/bin/node', '/usr/bin/npm', 'install', 'fullcalendar' ]
2 info using npm@1.3.24
3 info using node@v0.10.25
4 verbose node symlink /usr/bin/node
5 verbose cache add [ 'fullcalendar', null ]
6 verbose cache add name=undefined spec="fullcalendar" args=["fullcalendar",null]
7 verbose parsed url { protocol: null,
7 verbose parsed url   slashes: null,
7 verbose parsed url   auth: null,
7 verbose parsed url   host: null,
7 verbose parsed url   port: null,
7 verbose parsed url   hostname: null,
7 verbose parsed url   hash: null,
7 verbose parsed url   search: null,
7 verbose parsed url   query: null,
7 verbose parsed url   pathname: 'fullcalendar',
7 verbose parsed url   path: 'fullcalendar',
7 verbose parsed url   href: 'fullcalendar' }
8 silly lockFile 0a77404e-fullcalendar fullcalendar
9 verbose lock fullcalendar /home/joe/.npm/0a77404e-fullcalendar.lock
10 silly lockFile 0a77404e-fullcalendar fullcalendar
11 silly lockFile 0a77404e-fullcalendar fullcalendar
12 verbose addNamed [ 'fullcalendar', '' ]
13 verbose addNamed [ null, '*' ]
14 silly lockFile 82785016-fullcalendar fullcalendar@
15 verbose lock fullcalendar@ /home/joe/.npm/82785016-fullcalendar.lock
16 silly addNameRange { name: 'fullcalendar', range: '*', hasData: false }
17 verbose url raw fullcalendar
18 verbose url resolving [ 'https://registry.npmjs.org/', './fullcalendar' ]
19 verbose url resolved https://registry.npmjs.org/fullcalendar
20 info trying registry request attempt 1 at 23:43:26
21 http GET https://registry.npmjs.org/fullcalendar
22 http 404 https://registry.npmjs.org/fullcalendar
23 silly registry.get cb [ 404,
23 silly registry.get   { date: 'Wed, 19 Feb 2014 05:43:26 GMT',
23 silly registry.get     server: 'CouchDB/1.5.0 (Erlang OTP/R16B)',
23 silly registry.get     'content-type': 'application/json',
23 silly registry.get     via: '1.1 varnish',
23 silly registry.get     'cache-control': 'max-age=0',
23 silly registry.get     'content-length': '52',
23 silly registry.get     'accept-ranges': 'bytes',
23 silly registry.get     age: '0',
23 silly registry.get     'x-served-by': 'cache-v42-ASH, cache-d64-DAL',
23 silly registry.get     'x-cache': 'MISS, MISS',
23 silly registry.get     'x-cache-hits': '0, 0',
23 silly registry.get     'x-timer': 'S1392788606.714060545,VS0,VS16,VE108,VE125',
23 silly registry.get     'keep-alive': 'timeout=10, max=50',
23 silly registry.get     connection: 'Keep-Alive' } ]
24 silly lockFile 82785016-fullcalendar fullcalendar@
25 silly lockFile 82785016-fullcalendar fullcalendar@
26 error 404 'fullcalendar' is not in the npm registry.
26 error 404 You should bug the author to publish it
26 error 404
26 error 404 Note that you can also install from a
26 error 404 tarball, folder, or http url, or git url.
27 error System Linux 3.5.0-45-generic
28 error command "/usr/bin/node" "/usr/bin/npm" "install" "fullcalendar"
29 error cwd /home/joe/coding/school_schedule_creator
30 error node -v v0.10.25
31 error npm -v 1.3.24
32 error code E404
33 verbose exit [ 1, true ]
